Start testing: Oct 03 13:43 CEST
----------------------------------------------------------
1/3 Testing: test_trivial
1/3 Test: test_trivial
Command: "/home/julian/scratch/jsl/debug/test_trivial"
Directory: /home/julian/scratch/jsl/debug
"test_trivial" start time: Oct 03 13:43 CEST
Output:
----------------------------------------------------------
<end of output>
Test time =   0.00 sec
----------------------------------------------------------
Test Passed.
"test_trivial" end time: Oct 03 13:43 CEST
"test_trivial" time elapsed: 00:00:00
----------------------------------------------------------

2/3 Testing: test_get
2/3 Test: test_get
Command: "/home/julian/scratch/jsl/debug/test_get"
Directory: /home/julian/scratch/jsl/debug
"test_get" start time: Oct 03 13:43 CEST
Output:
----------------------------------------------------------
<end of output>
Test time =   0.00 sec
----------------------------------------------------------
Test Passed.
"test_get" end time: Oct 03 13:43 CEST
"test_get" time elapsed: 00:00:00
----------------------------------------------------------

3/3 Testing: test_hash_unhash
3/3 Test: test_hash_unhash
Command: "/home/julian/scratch/jsl/debug/test_hash_unhash"
Directory: /home/julian/scratch/jsl/debug
"test_hash_unhash" start time: Oct 03 13:43 CEST
Output:
----------------------------------------------------------
<end of output>
Test time =   0.09 sec
----------------------------------------------------------
Test Passed.
"test_hash_unhash" end time: Oct 03 13:43 CEST
"test_hash_unhash" time elapsed: 00:00:00
----------------------------------------------------------

End testing: Oct 03 13:43 CEST
