Start testing: Oct 04 14:30 CEST
----------------------------------------------------------
1/4 Testing: test_trivial
1/4 Test: test_trivial
Command: "/home/julian/scratch/jsl/debug/test_trivial"
Directory: /home/julian/scratch/jsl/debug
"test_trivial" start time: Oct 04 14:30 CEST
Output:
----------------------------------------------------------
<end of output>
Test time =   0.00 sec
----------------------------------------------------------
Test Passed.
"test_trivial" end time: Oct 04 14:30 CEST
"test_trivial" time elapsed: 00:00:00
----------------------------------------------------------

2/4 Testing: test_sb_push_len_index_free
2/4 Test: test_sb_push_len_index_free
Command: "/home/julian/scratch/jsl/debug/test_sb_push_len_index_free"
Directory: /home/julian/scratch/jsl/debug
"test_sb_push_len_index_free" start time: Oct 04 14:30 CEST
Output:
----------------------------------------------------------
<end of output>
Test time =   0.12 sec
----------------------------------------------------------
Test Passed.
"test_sb_push_len_index_free" end time: Oct 04 14:30 CEST
"test_sb_push_len_index_free" time elapsed: 00:00:00
----------------------------------------------------------

3/4 Testing: test_hash_unhash
3/4 Test: test_hash_unhash
Command: "/home/julian/scratch/jsl/debug/test_hash_unhash"
Directory: /home/julian/scratch/jsl/debug
"test_hash_unhash" start time: Oct 04 14:30 CEST
Output:
----------------------------------------------------------
<end of output>
Test time =   0.09 sec
----------------------------------------------------------
Test Passed.
"test_hash_unhash" end time: Oct 04 14:30 CEST
"test_hash_unhash" time elapsed: 00:00:00
----------------------------------------------------------

4/4 Testing: test_sb_fibonacci
4/4 Test: test_sb_fibonacci
Command: "/home/julian/scratch/jsl/debug/test_sb_fibonacci"
Directory: /home/julian/scratch/jsl/debug
"test_sb_fibonacci" start time: Oct 04 14:30 CEST
Output:
----------------------------------------------------------
<end of output>
Test time =   0.08 sec
----------------------------------------------------------
Test Passed.
"test_sb_fibonacci" end time: Oct 04 14:30 CEST
"test_sb_fibonacci" time elapsed: 00:00:00
----------------------------------------------------------

End testing: Oct 04 14:30 CEST
